<?xml version="1.0" encoding="UTF-8"?>
<!-- Generated by org.testng.reporters.JUnitReportReporter -->
<testsuite hostname="DESKTOP-71O6IGN" failures="0" tests="3" name="sumyalesson1.hello" time="0.556" errors="0" timestamp="2025-05-05T02:12:52 EET" skipped="1">
  <testcase classname="sumyalesson1.hello" name="SelectTag" time="0.379"/>
  <testcase classname="sumyalesson1.hello" name="CheckBoxTest" time="0.177"/>
  <testcase classname="sumyalesson1.hello" name="autoCompleteTest">
    <skipped/>
  </testcase> <!-- autoCompleteTest -->
</testsuite> <!-- sumyalesson1.hello -->
