<?xml version="1.0" encoding="UTF-8"?>
<!-- Generated by org.testng.reporters.JUnitReportReporter -->
<testsuite hostname="DESKTOP-71O6IGN" failures="0" tests="15" name="sumyalesson1.hello" time="0.745" errors="0" timestamp="2025-05-06T00:07:34 EET" skipped="12">
  <testcase classname="sumyalesson1.hello" name="SelectTag" time="0.263"/>
  <testcase classname="sumyalesson1.hello" name="CheckBoxTest" time="0.133"/>
  <testcase classname="sumyalesson1.hello" name="DownloadApp" time="0.349"/>
  <testcase classname="sumyalesson1.hello" name="RadioButton">
    <skipped/>
  </testcase> <!-- RadioButton -->
  <testcase classname="sumyalesson1.hello" name="Window_Example">
    <skipped/>
  </testcase> <!-- Window_Example -->
  <testcase classname="sumyalesson1.hello" name="AlertTest">
    <skipped/>
  </testcase> <!-- AlertTest -->
  <testcase classname="sumyalesson1.hello" name="autoCompleteTest">
    <skipped/>
  </testcase> <!-- autoCompleteTest -->
  <testcase classname="sumyalesson1.hello" name="MouseHover">
    <skipped/>
  </testcase> <!-- MouseHover -->
  <testcase classname="sumyalesson1.hello" name="Ifram">
    <skipped/>
  </testcase> <!-- Ifram -->
  <testcase classname="sumyalesson1.hello" name="EnableDisable">
    <skipped/>
  </testcase> <!-- EnableDisable -->
  <testcase classname="sumyalesson1.hello" name="Switch_Tab_Example">
    <skipped/>
  </testcase> <!-- Switch_Tab_Example -->
  <testcase classname="sumyalesson1.hello" name="ConfirmTest">
    <skipped/>
  </testcase> <!-- ConfirmTest -->
  <testcase classname="sumyalesson1.hello" name="calender">
    <skipped/>
  </testcase> <!-- calender -->
  <testcase classname="sumyalesson1.hello" name="TableTest">
    <skipped/>
  </testcase> <!-- TableTest -->
  <testcase classname="sumyalesson1.hello" name="HideAndShow">
    <skipped/>
  </testcase> <!-- HideAndShow -->
</testsuite> <!-- sumyalesson1.hello -->
