<?xml version="1.0" encoding="UTF-8"?>
<!-- Generated by org.testng.reporters.JUnitReportReporter -->
<testsuite hostname="DESKTOP-71O6IGN" failures="0" tests="6" name="sumyalesson1.myTest" time="4.128" errors="0" timestamp="2025-05-02T19:43:02 EET" skipped="2">
  <testcase classname="sumyalesson1.myTest" name="login" time="0.555"/>
  <testcase classname="sumyalesson1.myTest" name="AddAllItems" time="0.519"/>
  <testcase classname="sumyalesson1.myTest" name="RemoveAllItems" time="2.909"/>
  <testcase classname="sumyalesson1.myTest" name="Task" time="0.145"/>
  <testcase classname="sumyalesson1.myTest" name="Logout">
    <skipped/>
  </testcase> <!-- Logout -->
  <testcase classname="sumyalesson1.myTest" name="removeItemFromTheCart">
    <skipped/>
  </testcase> <!-- removeItemFromTheCart -->
</testsuite> <!-- sumyalesson1.myTest -->
